<?xml version="1.0" encoding="UTF-8"?>
<!-- Generated by org.testng.reporters.JUnitXMLReporter -->
<testsuite ignored="3" hostname="DESKTOP-VHCOGMC" failures="0" tests="1" name="Default test" time="8.248" errors="0" timestamp="2023-06-06T07:51:45 IST">
  <testcase classname="com.NewSeleniumLearning.TestCases.LoginPageTest" name="valid_User_Test" time="0.655"/>
  <testcase classname="com.NewSeleniumLearning.TestCases.LoginPageTest" name="invalid_User_Test_ExternalData" time="0.0">
    <ignored/>
  </testcase> <!-- invalid_User_Test_ExternalData -->
  <testcase classname="com.NewSeleniumLearning.TestCases.LoginPageTest" name="dummnyTest" time="0.0">
    <ignored/>
  </testcase> <!-- dummnyTest -->
  <testcase classname="com.NewSeleniumLearning.TestCases.LoginPageTest" name="invalid_User_Test" time="0.0">
    <ignored/>
  </testcase> <!-- invalid_User_Test -->
</testsuite> <!-- Default test -->
