<?xml version="1.0" encoding="UTF-8"?>
<!-- Generated by org.testng.reporters.JUnitXMLReporter -->
<testsuite ignored="11" hostname="DESKTOP-VHCOGMC" failures="0" tests="1" name="Test" time="10.675" errors="0" timestamp="2023-04-07T07:41:22 IST">
  <testcase classname="com.NewSeleniumLearning.TestCases.LastPageTest" name="validate_To_E2E_Test" time="2.499"/>
  <testcase classname="com.NewSeleniumLearning.TestCases.LoginPageTest" name="invalid_User_Test_ExternalData" time="0.0">
    <ignored/>
  </testcase> <!-- invalid_User_Test_ExternalData -->
  <testcase classname="com.NewSeleniumLearning.TestCases.AddToCartPageTest" name="validate_To_CheckoutPage_Test" time="0.0">
    <ignored/>
  </testcase> <!-- validate_To_CheckoutPage_Test -->
  <testcase classname="com.NewSeleniumLearning.TestCases.CheckOutPageTest2" name="validate_To_LastPAge_Test" time="0.0">
    <ignored/>
  </testcase> <!-- validate_To_LastPAge_Test -->
  <testcase classname="com.NewSeleniumLearning.TestCases.HomePageTest" name="description_Validation_Test" time="0.0">
    <ignored/>
  </testcase> <!-- description_Validation_Test -->
  <testcase classname="com.NewSeleniumLearning.TestCases.CheckOutPageTest" name="validate_ErrorMessage_CheckoutPage_Test" time="0.0">
    <ignored/>
  </testcase> <!-- validate_ErrorMessage_CheckoutPage_Test -->
  <testcase classname="com.NewSeleniumLearning.TestCases.CheckOutPageTest" name="validate_To_CheckoutPage2_Test" time="0.0">
    <ignored/>
  </testcase> <!-- validate_To_CheckoutPage2_Test -->
  <testcase classname="com.NewSeleniumLearning.TestCases.LoginPageTest" name="valid_User_Test" time="0.0">
    <ignored/>
  </testcase> <!-- valid_User_Test -->
  <testcase classname="com.NewSeleniumLearning.TestCases.LoginPageTest" name="dummnyTest" time="0.0">
    <ignored/>
  </testcase> <!-- dummnyTest -->
  <testcase classname="com.NewSeleniumLearning.TestCases.LoginPageTest" name="invalid_User_Test" time="0.0">
    <ignored/>
  </testcase> <!-- invalid_User_Test -->
  <testcase classname="com.NewSeleniumLearning.TestCases.HomePageTest" name="success_Add_To_Cart_Validation_Test" time="0.0">
    <ignored/>
  </testcase> <!-- success_Add_To_Cart_Validation_Test -->
  <testcase classname="com.NewSeleniumLearning.TestCases.HomePageTest" name="price_Validation_Test" time="0.0">
    <ignored/>
  </testcase> <!-- price_Validation_Test -->
</testsuite> <!-- Test -->
