<?xml version="1.0" encoding="UTF-8"?>
<testng-results ignored="0" total="1" passed="1" failed="0" skipped="0">
  <reporter-output>
    <line>
      <![CDATA[Username is enetered successfully]]>
    </line>
    <line>
      <![CDATA[Password enetered successfully]]>
    </line>
    <line>
      <![CDATA[Login happened successfully]]>
    </line>
    <line>
      <![CDATA[Test case ended here]]>
    </line>
  </reporter-output>
  <suite started-at="2023-06-14T09:16:42 IST" name="Default suite" finished-at="2023-06-14T09:16:49 IST" duration-ms="6916">
    <groups>
      <group name="E2E">
        <method signature="LastPageTest.validate_To_E2E_Test()[pri:0, instance:com.NewSeleniumLearning.TestCases.LastPageTest@ffaa6af]" name="validate_To_E2E_Test" class="com.NewSeleniumLearning.TestCases.LastPageTest"/>
      </group> <!-- E2E -->
    </groups>
    <test started-at="2023-06-14T09:16:42 IST" name="Default test" finished-at="2023-06-14T09:16:49 IST" duration-ms="6916">
      <class name="com.NewSeleniumLearning.TestCases.LastPageTest">
        <test-method is-config="true" signature="setUp()[pri:0, instance:com.NewSeleniumLearning.TestCases.LastPageTest@ffaa6af]" started-at="2023-06-14T09:16:42 IST" name="setUp" finished-at="2023-06-14T09:16:47 IST" duration-ms="4608" status="PASS">
          <reporter-output>
          </reporter-output>
        </test-method> <!-- setUp -->
        <test-method signature="validate_To_E2E_Test()[pri:0, instance:com.NewSeleniumLearning.TestCases.LastPageTest@ffaa6af]" started-at="2023-06-14T09:16:47 IST" name="validate_To_E2E_Test" finished-at="2023-06-14T09:16:48 IST" duration-ms="1906" status="PASS">
          <reporter-output>
            <line>
              <![CDATA[Username is enetered successfully]]>
            </line>
            <line>
              <![CDATA[Password enetered successfully]]>
            </line>
            <line>
              <![CDATA[Login happened successfully]]>
            </line>
            <line>
              <![CDATA[Test case ended here]]>
            </line>
          </reporter-output>
        </test-method> <!-- validate_To_E2E_Test -->
        <test-method is-config="true" signature="tearDown()[pri:0, instance:com.NewSeleniumLearning.TestCases.LastPageTest@ffaa6af]" started-at="2023-06-14T09:16:48 IST" name="tearDown" finished-at="2023-06-14T09:16:49 IST" duration-ms="342" status="PASS">
          <reporter-output>
          </reporter-output>
        </test-method> <!-- tearDown -->
      </class> <!-- com.NewSeleniumLearning.TestCases.LastPageTest -->
    </test> <!-- Default test -->
  </suite> <!-- Default suite -->
</testng-results>
