<?xml version="1.0" encoding="UTF-8"?>
<testng-results ignored="3" total="4" passed="1" failed="0" skipped="0">
  <reporter-output>
  </reporter-output>
  <suite started-at="2023-06-06T07:51:36 IST" name="Default suite" finished-at="2023-06-06T07:51:45 IST" duration-ms="8248">
    <groups>
      <group name="Smoke">
        <method signature="LoginPageTest.valid_User_Test()[pri:0, instance:com.NewSeleniumLearning.TestCases.LoginPageTest@53ce1329]" name="valid_User_Test" class="com.NewSeleniumLearning.TestCases.LoginPageTest"/>
      </group> <!-- Smoke -->
    </groups>
    <test started-at="2023-06-06T07:51:36 IST" name="Default test" finished-at="2023-06-06T07:51:45 IST" duration-ms="8248">
      <class name="com.NewSeleniumLearning.TestCases.LoginPageTest">
        <test-method is-config="true" signature="setUp()[pri:0, instance:com.NewSeleniumLearning.TestCases.LoginPageTest@53ce1329]" started-at="2023-06-06T07:51:36 IST" name="setUp" finished-at="2023-06-06T07:51:43 IST" duration-ms="7086" status="PASS">
          <reporter-output>
          </reporter-output>
        </test-method> <!-- setUp -->
        <test-method signature="valid_User_Test()[pri:0, instance:com.NewSeleniumLearning.TestCases.LoginPageTest@53ce1329]" started-at="2023-06-06T07:51:43 IST" name="valid_User_Test" finished-at="2023-06-06T07:51:44 IST" duration-ms="655" status="PASS">
          <reporter-output>
          </reporter-output>
        </test-method> <!-- valid_User_Test -->
        <test-method is-config="true" signature="tearDown()[pri:0, instance:com.NewSeleniumLearning.TestCases.LoginPageTest@53ce1329]" started-at="2023-06-06T07:51:44 IST" name="tearDown" finished-at="2023-06-06T07:51:45 IST" duration-ms="463" status="PASS">
          <reporter-output>
          </reporter-output>
        </test-method> <!-- tearDown -->
      </class> <!-- com.NewSeleniumLearning.TestCases.LoginPageTest -->
    </test> <!-- Default test -->
  </suite> <!-- Default suite -->
</testng-results>
